CRITICAL - 2024-05-30 03:15:00 --> ParseError: syntax error, unexpected token "}", expecting ";"
in APPPATH\Controllers\Home.php on line 10.
 1 SYSTEMPATH\Autoloader\Autoloader.php(290): CodeIgniter\Autoloader\Autoloader->includeFile('C:\\xampp\\htdocs\\lab11_ci\\ci4\\app\\Controllers\\Home.php')
 2 SYSTEMPATH\Autoloader\Autoloader.php(266): CodeIgniter\Autoloader\Autoloader->loadInNamespace('App\\Controllers\\Home')
 3 [internal function]: CodeIgniter\Autoloader\Autoloader->loadClass('App\\Controllers\\Home')
 4 SYSTEMPATH\CodeIgniter.php(899): class_exists('\\App\\Controllers\\Home', true)
 5 SYSTEMPATH\CodeIgniter.php(489): CodeIgniter\CodeIgniter->startController()
 6 SYSTEMPATH\CodeIgniter.php(361): CodeIgniter\CodeIgniter->handleRequest(null, Object(Config\Cache), false)
 7 FCPATH\index.php(79): CodeIgniter\CodeIgniter->run()
 8 SYSTEMPATH\Commands\Server\rewrite.php(47): require_once('C:\\xampp\\htdocs\\lab11_ci\\ci4\\public\\index.php')
CRITICAL - 2024-05-30 03:15:22 --> ParseError: syntax error, unexpected token "}", expecting ";"
in APPPATH\Controllers\Home.php on line 10.
 1 SYSTEMPATH\Autoloader\Autoloader.php(290): CodeIgniter\Autoloader\Autoloader->includeFile('C:\\xampp\\htdocs\\lab11_ci\\ci4\\app\\Controllers\\Home.php')
 2 SYSTEMPATH\Autoloader\Autoloader.php(266): CodeIgniter\Autoloader\Autoloader->loadInNamespace('App\\Controllers\\Home')
 3 [internal function]: CodeIgniter\Autoloader\Autoloader->loadClass('App\\Controllers\\Home')
 4 SYSTEMPATH\CodeIgniter.php(899): class_exists('\\App\\Controllers\\Home', true)
 5 SYSTEMPATH\CodeIgniter.php(489): CodeIgniter\CodeIgniter->startController()
 6 SYSTEMPATH\CodeIgniter.php(361): CodeIgniter\CodeIgniter->handleRequest(null, Object(Config\Cache), false)
 7 FCPATH\index.php(79): CodeIgniter\CodeIgniter->run()
 8 SYSTEMPATH\Commands\Server\rewrite.php(47): require_once('C:\\xampp\\htdocs\\lab11_ci\\ci4\\public\\index.php')
CRITICAL - 2024-05-30 03:15:24 --> ParseError: syntax error, unexpected token "}", expecting ";"
in APPPATH\Controllers\Home.php on line 10.
 1 SYSTEMPATH\Autoloader\Autoloader.php(290): CodeIgniter\Autoloader\Autoloader->includeFile('C:\\xampp\\htdocs\\lab11_ci\\ci4\\app\\Controllers\\Home.php')
 2 SYSTEMPATH\Autoloader\Autoloader.php(266): CodeIgniter\Autoloader\Autoloader->loadInNamespace('App\\Controllers\\Home')
 3 [internal function]: CodeIgniter\Autoloader\Autoloader->loadClass('App\\Controllers\\Home')
 4 SYSTEMPATH\CodeIgniter.php(899): class_exists('\\App\\Controllers\\Home', true)
 5 SYSTEMPATH\CodeIgniter.php(489): CodeIgniter\CodeIgniter->startController()
 6 SYSTEMPATH\CodeIgniter.php(361): CodeIgniter\CodeIgniter->handleRequest(null, Object(Config\Cache), false)
 7 FCPATH\index.php(79): CodeIgniter\CodeIgniter->run()
 8 SYSTEMPATH\Commands\Server\rewrite.php(47): require_once('C:\\xampp\\htdocs\\lab11_ci\\ci4\\public\\index.php')
CRITICAL - 2024-05-30 03:16:54 --> ParseError: syntax error, unexpected token "}", expecting ";"
in APPPATH\Controllers\Home.php on line 10.
 1 SYSTEMPATH\Autoloader\Autoloader.php(290): CodeIgniter\Autoloader\Autoloader->includeFile('C:\\xampp\\htdocs\\lab11_ci\\ci4\\app\\Controllers\\Home.php')
 2 SYSTEMPATH\Autoloader\Autoloader.php(266): CodeIgniter\Autoloader\Autoloader->loadInNamespace('App\\Controllers\\Home')
 3 [internal function]: CodeIgniter\Autoloader\Autoloader->loadClass('App\\Controllers\\Home')
 4 SYSTEMPATH\CodeIgniter.php(899): class_exists('\\App\\Controllers\\Home', true)
 5 SYSTEMPATH\CodeIgniter.php(489): CodeIgniter\CodeIgniter->startController()
 6 SYSTEMPATH\CodeIgniter.php(361): CodeIgniter\CodeIgniter->handleRequest(null, Object(Config\Cache), false)
 7 FCPATH\index.php(79): CodeIgniter\CodeIgniter->run()
 8 SYSTEMPATH\Commands\Server\rewrite.php(47): require_once('C:\\xampp\\htdocs\\lab11_ci\\ci4\\public\\index.php')
CRITICAL - 2024-05-30 03:17:33 --> ParseError: syntax error, unexpected token "}", expecting ";"
in APPPATH\Controllers\Home.php on line 10.
 1 SYSTEMPATH\Autoloader\Autoloader.php(290): CodeIgniter\Autoloader\Autoloader->includeFile('C:\\xampp\\htdocs\\lab11_ci\\ci4\\app\\Controllers\\Home.php')
 2 SYSTEMPATH\Autoloader\Autoloader.php(266): CodeIgniter\Autoloader\Autoloader->loadInNamespace('App\\Controllers\\Home')
 3 [internal function]: CodeIgniter\Autoloader\Autoloader->loadClass('App\\Controllers\\Home')
 4 SYSTEMPATH\CodeIgniter.php(899): class_exists('\\App\\Controllers\\Home', true)
 5 SYSTEMPATH\CodeIgniter.php(489): CodeIgniter\CodeIgniter->startController()
 6 SYSTEMPATH\CodeIgniter.php(361): CodeIgniter\CodeIgniter->handleRequest(null, Object(Config\Cache), false)
 7 FCPATH\index.php(79): CodeIgniter\CodeIgniter->run()
 8 SYSTEMPATH\Commands\Server\rewrite.php(47): require_once('C:\\xampp\\htdocs\\lab11_ci\\ci4\\public\\index.php')
INFO - 2024-05-30 03:20:12 --> Session: Class initialized using 'CodeIgniter\Session\Handlers\FileHandler' driver.
INFO - 2024-05-30 03:20:29 --> Session: Class initialized using 'CodeIgniter\Session\Handlers\FileHandler' driver.
CRITICAL - 2024-05-30 03:34:04 --> CodeIgniter\Database\Exceptions\DatabaseException: Updates are not allowed unless they contain a "where" or "like" clause.
in SYSTEMPATH\Model.php on line 388.
 1 SYSTEMPATH\BaseModel.php(987): CodeIgniter\Model->doUpdate(null, [...])
 2 SYSTEMPATH\Model.php(807): CodeIgniter\BaseModel->update(null, [...])
 3 APPPATH\Controllers\Post.php(57): CodeIgniter\Model->update(null, [...])
 4 SYSTEMPATH\CodeIgniter.php(941): App\Controllers\Post->update(null)
 5 SYSTEMPATH\CodeIgniter.php(502): CodeIgniter\CodeIgniter->runController(Object(App\Controllers\Post))
 6 SYSTEMPATH\CodeIgniter.php(361): CodeIgniter\CodeIgniter->handleRequest(null, Object(Config\Cache), false)
 7 FCPATH\index.php(79): CodeIgniter\CodeIgniter->run()
 8 SYSTEMPATH\Commands\Server\rewrite.php(47): require_once('C:\\xampp\\htdocs\\lab11_ci\\ci4\\public\\index.php')
CRITICAL - 2024-05-30 03:38:32 --> CodeIgniter\Database\Exceptions\DatabaseException: Updates are not allowed unless they contain a "where" or "like" clause.
in SYSTEMPATH\Model.php on line 388.
 1 SYSTEMPATH\BaseModel.php(987): CodeIgniter\Model->doUpdate(null, [...])
 2 SYSTEMPATH\Model.php(807): CodeIgniter\BaseModel->update(null, [...])
 3 APPPATH\Controllers\Post.php(57): CodeIgniter\Model->update(null, [...])
 4 SYSTEMPATH\CodeIgniter.php(941): App\Controllers\Post->update(null)
 5 SYSTEMPATH\CodeIgniter.php(502): CodeIgniter\CodeIgniter->runController(Object(App\Controllers\Post))
 6 SYSTEMPATH\CodeIgniter.php(361): CodeIgniter\CodeIgniter->handleRequest(null, Object(Config\Cache), false)
 7 FCPATH\index.php(79): CodeIgniter\CodeIgniter->run()
 8 SYSTEMPATH\Commands\Server\rewrite.php(47): require_once('C:\\xampp\\htdocs\\lab11_ci\\ci4\\public\\index.php')
CRITICAL - 2024-05-30 03:41:04 --> CodeIgniter\Database\Exceptions\DatabaseException: Updates are not allowed unless they contain a "where" or "like" clause.
in SYSTEMPATH\Model.php on line 388.
 1 SYSTEMPATH\BaseModel.php(987): CodeIgniter\Model->doUpdate(null, [...])
 2 SYSTEMPATH\Model.php(807): CodeIgniter\BaseModel->update(null, [...])
 3 APPPATH\Controllers\Post.php(57): CodeIgniter\Model->update(null, [...])
 4 SYSTEMPATH\CodeIgniter.php(941): App\Controllers\Post->update(null)
 5 SYSTEMPATH\CodeIgniter.php(502): CodeIgniter\CodeIgniter->runController(Object(App\Controllers\Post))
 6 SYSTEMPATH\CodeIgniter.php(361): CodeIgniter\CodeIgniter->handleRequest(null, Object(Config\Cache), false)
 7 FCPATH\index.php(79): CodeIgniter\CodeIgniter->run()
 8 SYSTEMPATH\Commands\Server\rewrite.php(47): require_once('C:\\xampp\\htdocs\\lab11_ci\\ci4\\public\\index.php')
CRITICAL - 2024-05-30 03:41:33 --> CodeIgniter\Database\Exceptions\DatabaseException: Updates are not allowed unless they contain a "where" or "like" clause.
in SYSTEMPATH\Model.php on line 388.
 1 SYSTEMPATH\BaseModel.php(987): CodeIgniter\Model->doUpdate(null, [...])
 2 SYSTEMPATH\Model.php(807): CodeIgniter\BaseModel->update(null, [...])
 3 APPPATH\Controllers\Post.php(57): CodeIgniter\Model->update(null, [...])
 4 SYSTEMPATH\CodeIgniter.php(941): App\Controllers\Post->update(null)
 5 SYSTEMPATH\CodeIgniter.php(502): CodeIgniter\CodeIgniter->runController(Object(App\Controllers\Post))
 6 SYSTEMPATH\CodeIgniter.php(361): CodeIgniter\CodeIgniter->handleRequest(null, Object(Config\Cache), false)
 7 FCPATH\index.php(79): CodeIgniter\CodeIgniter->run()
 8 SYSTEMPATH\Commands\Server\rewrite.php(47): require_once('C:\\xampp\\htdocs\\lab11_ci\\ci4\\public\\index.php')
CRITICAL - 2024-05-30 03:42:51 --> CodeIgniter\Database\Exceptions\DatabaseException: Updates are not allowed unless they contain a "where" or "like" clause.
in SYSTEMPATH\Model.php on line 388.
 1 SYSTEMPATH\BaseModel.php(987): CodeIgniter\Model->doUpdate(null, [...])
 2 SYSTEMPATH\Model.php(807): CodeIgniter\BaseModel->update(null, [...])
 3 APPPATH\Controllers\Post.php(57): CodeIgniter\Model->update(null, [...])
 4 SYSTEMPATH\CodeIgniter.php(941): App\Controllers\Post->update(null)
 5 SYSTEMPATH\CodeIgniter.php(502): CodeIgniter\CodeIgniter->runController(Object(App\Controllers\Post))
 6 SYSTEMPATH\CodeIgniter.php(361): CodeIgniter\CodeIgniter->handleRequest(null, Object(Config\Cache), false)
 7 FCPATH\index.php(79): CodeIgniter\CodeIgniter->run()
 8 SYSTEMPATH\Commands\Server\rewrite.php(47): require_once('C:\\xampp\\htdocs\\lab11_ci\\ci4\\public\\index.php')
CRITICAL - 2024-05-30 03:44:51 --> CodeIgniter\Database\Exceptions\DatabaseException: Updates are not allowed unless they contain a "where" or "like" clause.
in SYSTEMPATH\Model.php on line 388.
 1 SYSTEMPATH\BaseModel.php(987): CodeIgniter\Model->doUpdate(null, [...])
 2 SYSTEMPATH\Model.php(807): CodeIgniter\BaseModel->update(null, [...])
 3 APPPATH\Controllers\Post.php(57): CodeIgniter\Model->update(null, [...])
 4 SYSTEMPATH\CodeIgniter.php(941): App\Controllers\Post->update(null)
 5 SYSTEMPATH\CodeIgniter.php(502): CodeIgniter\CodeIgniter->runController(Object(App\Controllers\Post))
 6 SYSTEMPATH\CodeIgniter.php(361): CodeIgniter\CodeIgniter->handleRequest(null, Object(Config\Cache), false)
 7 FCPATH\index.php(79): CodeIgniter\CodeIgniter->run()
 8 SYSTEMPATH\Commands\Server\rewrite.php(47): require_once('C:\\xampp\\htdocs\\lab11_ci\\ci4\\public\\index.php')
CRITICAL - 2024-05-30 03:46:04 --> CodeIgniter\Database\Exceptions\DatabaseException: Updates are not allowed unless they contain a "where" or "like" clause.
in SYSTEMPATH\Model.php on line 388.
 1 SYSTEMPATH\BaseModel.php(987): CodeIgniter\Model->doUpdate(null, [...])
 2 SYSTEMPATH\Model.php(807): CodeIgniter\BaseModel->update(null, [...])
 3 APPPATH\Controllers\Post.php(57): CodeIgniter\Model->update(null, [...])
 4 SYSTEMPATH\CodeIgniter.php(941): App\Controllers\Post->update(null)
 5 SYSTEMPATH\CodeIgniter.php(502): CodeIgniter\CodeIgniter->runController(Object(App\Controllers\Post))
 6 SYSTEMPATH\CodeIgniter.php(361): CodeIgniter\CodeIgniter->handleRequest(null, Object(Config\Cache), false)
 7 FCPATH\index.php(79): CodeIgniter\CodeIgniter->run()
 8 SYSTEMPATH\Commands\Server\rewrite.php(47): require_once('C:\\xampp\\htdocs\\lab11_ci\\ci4\\public\\index.php')
CRITICAL - 2024-05-30 03:46:30 --> CodeIgniter\Database\Exceptions\DatabaseException: Updates are not allowed unless they contain a "where" or "like" clause.
in SYSTEMPATH\Model.php on line 388.
 1 SYSTEMPATH\BaseModel.php(987): CodeIgniter\Model->doUpdate(null, [...])
 2 SYSTEMPATH\Model.php(807): CodeIgniter\BaseModel->update(null, [...])
 3 APPPATH\Controllers\Post.php(57): CodeIgniter\Model->update(null, [...])
 4 SYSTEMPATH\CodeIgniter.php(941): App\Controllers\Post->update(null)
 5 SYSTEMPATH\CodeIgniter.php(502): CodeIgniter\CodeIgniter->runController(Object(App\Controllers\Post))
 6 SYSTEMPATH\CodeIgniter.php(361): CodeIgniter\CodeIgniter->handleRequest(null, Object(Config\Cache), false)
 7 FCPATH\index.php(79): CodeIgniter\CodeIgniter->run()
 8 SYSTEMPATH\Commands\Server\rewrite.php(47): require_once('C:\\xampp\\htdocs\\lab11_ci\\ci4\\public\\index.php')
ERROR - 2024-05-30 03:47:51 --> mysqli_sql_exception: Column 'judul' cannot be null in C:\xampp\htdocs\lab11_ci\ci4\system\Database\MySQLi\Connection.php:306
Stack trace:
#0 C:\xampp\htdocs\lab11_ci\ci4\system\Database\MySQLi\Connection.php(306): mysqli->query('INSERT INTO `ar...', 0)
#1 C:\xampp\htdocs\lab11_ci\ci4\system\Database\BaseConnection.php(693): CodeIgniter\Database\MySQLi\Connection->execute('INSERT INTO `ar...')
#2 C:\xampp\htdocs\lab11_ci\ci4\system\Database\BaseConnection.php(607): CodeIgniter\Database\BaseConnection->simpleQuery('INSERT INTO `ar...')
#3 C:\xampp\htdocs\lab11_ci\ci4\system\Database\BaseBuilder.php(2307): CodeIgniter\Database\BaseConnection->query('INSERT INTO `ar...', Array, false)
#4 C:\xampp\htdocs\lab11_ci\ci4\system\Model.php(326): CodeIgniter\Database\BaseBuilder->insert()
#5 C:\xampp\htdocs\lab11_ci\ci4\system\BaseModel.php(802): CodeIgniter\Model->doInsert(Array)
#6 C:\xampp\htdocs\lab11_ci\ci4\system\Model.php(744): CodeIgniter\BaseModel->insert(Array, true)
#7 C:\xampp\htdocs\lab11_ci\ci4\app\Controllers\Post.php(27): CodeIgniter\Model->insert(Array)
#8 C:\xampp\htdocs\lab11_ci\ci4\system\CodeIgniter.php(941): App\Controllers\Post->create()
#9 C:\xampp\htdocs\lab11_ci\ci4\system\CodeIgniter.php(502): CodeIgniter\CodeIgniter->runController(Object(App\Controllers\Post))
#10 C:\xampp\htdocs\lab11_ci\ci4\system\CodeIgniter.php(361): CodeIgniter\CodeIgniter->handleRequest(NULL, Object(Config\Cache), false)
#11 C:\xampp\htdocs\lab11_ci\ci4\public\index.php(79): CodeIgniter\CodeIgniter->run()
#12 C:\xampp\htdocs\lab11_ci\ci4\system\Commands\Server\rewrite.php(47): require_once('C:\\xampp\\htdocs...')
#13 {main}
CRITICAL - 2024-05-30 03:47:51 --> CodeIgniter\Database\Exceptions\DatabaseException: Column 'judul' cannot be null
in SYSTEMPATH\Database\BaseConnection.php on line 647.
 1 SYSTEMPATH\Database\BaseBuilder.php(2307): CodeIgniter\Database\BaseConnection->query('INSERT INTO `artikel` (`judul`, `isi`) VALUES (:judul:, :isi:)', [...], false)
 2 SYSTEMPATH\Model.php(326): CodeIgniter\Database\BaseBuilder->insert()
 3 SYSTEMPATH\BaseModel.php(802): CodeIgniter\Model->doInsert([...])
 4 SYSTEMPATH\Model.php(744): CodeIgniter\BaseModel->insert([...], true)
 5 APPPATH\Controllers\Post.php(27): CodeIgniter\Model->insert([...])
 6 SYSTEMPATH\CodeIgniter.php(941): App\Controllers\Post->create()
 7 SYSTEMPATH\CodeIgniter.php(502): CodeIgniter\CodeIgniter->runController(Object(App\Controllers\Post))
 8 SYSTEMPATH\CodeIgniter.php(361): CodeIgniter\CodeIgniter->handleRequest(null, Object(Config\Cache), false)
 9 FCPATH\index.php(79): CodeIgniter\CodeIgniter->run()
10 SYSTEMPATH\Commands\Server\rewrite.php(47): require_once('C:\\xampp\\htdocs\\lab11_ci\\ci4\\public\\index.php')
CRITICAL - 2024-05-30 03:47:51 --> [Caused by] CodeIgniter\Database\Exceptions\DatabaseException: Column 'judul' cannot be null
in SYSTEMPATH\Database\MySQLi\Connection.php on line 311.
 1 SYSTEMPATH\Database\BaseConnection.php(693): CodeIgniter\Database\MySQLi\Connection->execute('INSERT INTO `artikel` (`judul`, `isi`) VALUES (NULL, \'isi artikel ke 4 diubah melalui API\')')
 2 SYSTEMPATH\Database\BaseConnection.php(607): CodeIgniter\Database\BaseConnection->simpleQuery('INSERT INTO `artikel` (`judul`, `isi`) VALUES (NULL, \'isi artikel ke 4 diubah melalui API\')')
 3 SYSTEMPATH\Database\BaseBuilder.php(2307): CodeIgniter\Database\BaseConnection->query('INSERT INTO `artikel` (`judul`, `isi`) VALUES (:judul:, :isi:)', [...], false)
 4 SYSTEMPATH\Model.php(326): CodeIgniter\Database\BaseBuilder->insert()
 5 SYSTEMPATH\BaseModel.php(802): CodeIgniter\Model->doInsert([...])
 6 SYSTEMPATH\Model.php(744): CodeIgniter\BaseModel->insert([...], true)
 7 APPPATH\Controllers\Post.php(27): CodeIgniter\Model->insert([...])
 8 SYSTEMPATH\CodeIgniter.php(941): App\Controllers\Post->create()
 9 SYSTEMPATH\CodeIgniter.php(502): CodeIgniter\CodeIgniter->runController(Object(App\Controllers\Post))
10 SYSTEMPATH\CodeIgniter.php(361): CodeIgniter\CodeIgniter->handleRequest(null, Object(Config\Cache), false)
11 FCPATH\index.php(79): CodeIgniter\CodeIgniter->run()
12 SYSTEMPATH\Commands\Server\rewrite.php(47): require_once('C:\\xampp\\htdocs\\lab11_ci\\ci4\\public\\index.php')
CRITICAL - 2024-05-30 03:47:51 --> [Caused by] mysqli_sql_exception: Column 'judul' cannot be null
in SYSTEMPATH\Database\MySQLi\Connection.php on line 306.
 1 SYSTEMPATH\Database\MySQLi\Connection.php(306): mysqli->query('INSERT INTO `artikel` (`judul`, `isi`) VALUES (NULL, \'isi artikel ke 4 diubah melalui API\')', 0)
 2 SYSTEMPATH\Database\BaseConnection.php(693): CodeIgniter\Database\MySQLi\Connection->execute('INSERT INTO `artikel` (`judul`, `isi`) VALUES (NULL, \'isi artikel ke 4 diubah melalui API\')')
 3 SYSTEMPATH\Database\BaseConnection.php(607): CodeIgniter\Database\BaseConnection->simpleQuery('INSERT INTO `artikel` (`judul`, `isi`) VALUES (NULL, \'isi artikel ke 4 diubah melalui API\')')
 4 SYSTEMPATH\Database\BaseBuilder.php(2307): CodeIgniter\Database\BaseConnection->query('INSERT INTO `artikel` (`judul`, `isi`) VALUES (:judul:, :isi:)', [...], false)
 5 SYSTEMPATH\Model.php(326): CodeIgniter\Database\BaseBuilder->insert()
 6 SYSTEMPATH\BaseModel.php(802): CodeIgniter\Model->doInsert([...])
 7 SYSTEMPATH\Model.php(744): CodeIgniter\BaseModel->insert([...], true)
 8 APPPATH\Controllers\Post.php(27): CodeIgniter\Model->insert([...])
 9 SYSTEMPATH\CodeIgniter.php(941): App\Controllers\Post->create()
10 SYSTEMPATH\CodeIgniter.php(502): CodeIgniter\CodeIgniter->runController(Object(App\Controllers\Post))
11 SYSTEMPATH\CodeIgniter.php(361): CodeIgniter\CodeIgniter->handleRequest(null, Object(Config\Cache), false)
12 FCPATH\index.php(79): CodeIgniter\CodeIgniter->run()
13 SYSTEMPATH\Commands\Server\rewrite.php(47): require_once('C:\\xampp\\htdocs\\lab11_ci\\ci4\\public\\index.php')
CRITICAL - 2024-05-30 03:49:02 --> CodeIgniter\Database\Exceptions\DatabaseException: Updates are not allowed unless they contain a "where" or "like" clause.
in SYSTEMPATH\Model.php on line 388.
 1 SYSTEMPATH\BaseModel.php(987): CodeIgniter\Model->doUpdate(null, [...])
 2 SYSTEMPATH\Model.php(807): CodeIgniter\BaseModel->update(null, [...])
 3 APPPATH\Controllers\Post.php(57): CodeIgniter\Model->update(null, [...])
 4 SYSTEMPATH\CodeIgniter.php(941): App\Controllers\Post->update(null)
 5 SYSTEMPATH\CodeIgniter.php(502): CodeIgniter\CodeIgniter->runController(Object(App\Controllers\Post))
 6 SYSTEMPATH\CodeIgniter.php(361): CodeIgniter\CodeIgniter->handleRequest(null, Object(Config\Cache), false)
 7 FCPATH\index.php(79): CodeIgniter\CodeIgniter->run()
 8 SYSTEMPATH\Commands\Server\rewrite.php(47): require_once('C:\\xampp\\htdocs\\lab11_ci\\ci4\\public\\index.php')
CRITICAL - 2024-05-30 03:50:10 --> ParseError: syntax error, unexpected token "}", expecting ";"
in APPPATH\Controllers\Home.php on line 10.
 1 SYSTEMPATH\Autoloader\Autoloader.php(290): CodeIgniter\Autoloader\Autoloader->includeFile('C:\\xampp\\htdocs\\lab11_ci\\ci4\\app\\Controllers\\Home.php')
 2 SYSTEMPATH\Autoloader\Autoloader.php(266): CodeIgniter\Autoloader\Autoloader->loadInNamespace('App\\Controllers\\Home')
 3 [internal function]: CodeIgniter\Autoloader\Autoloader->loadClass('App\\Controllers\\Home')
 4 SYSTEMPATH\Commands\Utilities\Routes\ControllerMethodReader.php(44): ReflectionClass->__construct('App\\Controllers\\Home')
 5 SYSTEMPATH\Commands\Utilities\Routes\AutoRouteCollector.php(50): CodeIgniter\Commands\Utilities\Routes\ControllerMethodReader->read('App\\Controllers\\Home', 'Home', 'index')
 6 SYSTEMPATH\Commands\Utilities\Routes.php(172): CodeIgniter\Commands\Utilities\Routes\AutoRouteCollector->get()
 7 SYSTEMPATH\CLI\Commands.php(65): CodeIgniter\Commands\Utilities\Routes->run([])
 8 SYSTEMPATH\CLI\Console.php(46): CodeIgniter\CLI\Commands->run('routes', [])
 9 ROOTPATH\spark(102): CodeIgniter\CLI\Console->run()
CRITICAL - 2024-05-30 03:51:09 --> ParseError: syntax error, unexpected token "}", expecting ";"
in APPPATH\Controllers\Home.php on line 10.
 1 SYSTEMPATH\Autoloader\Autoloader.php(290): CodeIgniter\Autoloader\Autoloader->includeFile('C:\\xampp\\htdocs\\lab11_ci\\ci4\\app\\Controllers\\Home.php')
 2 SYSTEMPATH\Autoloader\Autoloader.php(266): CodeIgniter\Autoloader\Autoloader->loadInNamespace('App\\Controllers\\Home')
 3 [internal function]: CodeIgniter\Autoloader\Autoloader->loadClass('App\\Controllers\\Home')
 4 SYSTEMPATH\Commands\Utilities\Routes\ControllerMethodReader.php(44): ReflectionClass->__construct('App\\Controllers\\Home')
 5 SYSTEMPATH\Commands\Utilities\Routes\AutoRouteCollector.php(50): CodeIgniter\Commands\Utilities\Routes\ControllerMethodReader->read('App\\Controllers\\Home', 'Home', 'index')
 6 SYSTEMPATH\Commands\Utilities\Routes.php(172): CodeIgniter\Commands\Utilities\Routes\AutoRouteCollector->get()
 7 SYSTEMPATH\CLI\Commands.php(65): CodeIgniter\Commands\Utilities\Routes->run([])
 8 SYSTEMPATH\CLI\Console.php(46): CodeIgniter\CLI\Commands->run('routes', [])
 9 ROOTPATH\spark(102): CodeIgniter\CLI\Console->run()
CRITICAL - 2024-05-30 03:52:51 --> ParseError: syntax error, unexpected token "}", expecting ";"
in APPPATH\Controllers\Home.php on line 10.
 1 SYSTEMPATH\Autoloader\Autoloader.php(290): CodeIgniter\Autoloader\Autoloader->includeFile('C:\\xampp\\htdocs\\lab11_ci\\ci4\\app\\Controllers\\Home.php')
 2 SYSTEMPATH\Autoloader\Autoloader.php(266): CodeIgniter\Autoloader\Autoloader->loadInNamespace('App\\Controllers\\Home')
 3 [internal function]: CodeIgniter\Autoloader\Autoloader->loadClass('App\\Controllers\\Home')
 4 SYSTEMPATH\Commands\Utilities\Routes\ControllerMethodReader.php(44): ReflectionClass->__construct('App\\Controllers\\Home')
 5 SYSTEMPATH\Commands\Utilities\Routes\AutoRouteCollector.php(50): CodeIgniter\Commands\Utilities\Routes\ControllerMethodReader->read('App\\Controllers\\Home', 'Home', 'index')
 6 SYSTEMPATH\Commands\Utilities\Routes.php(172): CodeIgniter\Commands\Utilities\Routes\AutoRouteCollector->get()
 7 SYSTEMPATH\CLI\Commands.php(65): CodeIgniter\Commands\Utilities\Routes->run([])
 8 SYSTEMPATH\CLI\Console.php(46): CodeIgniter\CLI\Commands->run('routes', [])
 9 ROOTPATH\spark(102): CodeIgniter\CLI\Console->run()
CRITICAL - 2024-05-30 03:56:11 --> CodeIgniter\Database\Exceptions\DatabaseException: Updates are not allowed unless they contain a "where" or "like" clause.
in SYSTEMPATH\Model.php on line 388.
 1 SYSTEMPATH\BaseModel.php(987): CodeIgniter\Model->doUpdate(null, [...])
 2 SYSTEMPATH\Model.php(807): CodeIgniter\BaseModel->update(null, [...])
 3 APPPATH\Controllers\Post.php(57): CodeIgniter\Model->update(null, [...])
 4 SYSTEMPATH\CodeIgniter.php(941): App\Controllers\Post->update(null)
 5 SYSTEMPATH\CodeIgniter.php(502): CodeIgniter\CodeIgniter->runController(Object(App\Controllers\Post))
 6 SYSTEMPATH\CodeIgniter.php(361): CodeIgniter\CodeIgniter->handleRequest(null, Object(Config\Cache), false)
 7 FCPATH\index.php(79): CodeIgniter\CodeIgniter->run()
 8 SYSTEMPATH\Commands\Server\rewrite.php(47): require_once('C:\\xampp\\htdocs\\lab11_ci\\ci4\\public\\index.php')
CRITICAL - 2024-05-30 04:06:37 --> CodeIgniter\Database\Exceptions\DatabaseException: Updates are not allowed unless they contain a "where" or "like" clause.
in SYSTEMPATH\Model.php on line 388.
 1 SYSTEMPATH\BaseModel.php(987): CodeIgniter\Model->doUpdate(null, [...])
 2 SYSTEMPATH\Model.php(807): CodeIgniter\BaseModel->update(null, [...])
 3 APPPATH\Controllers\Post.php(57): CodeIgniter\Model->update(null, [...])
 4 SYSTEMPATH\CodeIgniter.php(941): App\Controllers\Post->update(null)
 5 SYSTEMPATH\CodeIgniter.php(502): CodeIgniter\CodeIgniter->runController(Object(App\Controllers\Post))
 6 SYSTEMPATH\CodeIgniter.php(361): CodeIgniter\CodeIgniter->handleRequest(null, Object(Config\Cache), false)
 7 FCPATH\index.php(79): CodeIgniter\CodeIgniter->run()
 8 SYSTEMPATH\Commands\Server\rewrite.php(47): require_once('C:\\xampp\\htdocs\\lab11_ci\\ci4\\public\\index.php')
WARNING - 2024-05-30 04:13:42 --> [DEPRECATED] substr(): Passing null to parameter #1 ($string) of type string is deprecated in APPPATH\Views\artikel\index.php on line 7.
 1 APPPATH\Views\artikel\index.php(7): substr(null, 0, 200)
 2 SYSTEMPATH\View\View.php(228): include('C:\\xampp\\htdocs\\lab11_ci\\ci4\\app\\Views\\artikel\\index.php')
 3 SYSTEMPATH\View\View.php(231): CodeIgniter\View\View->CodeIgniter\View\{closure}()
 4 SYSTEMPATH\Common.php(1178): CodeIgniter\View\View->render('artikel/index', [], true)
 5 APPPATH\Controllers\Artikel.php(14): view('artikel/index', [...])
 6 SYSTEMPATH\CodeIgniter.php(941): App\Controllers\Artikel->index()
 7 SYSTEMPATH\CodeIgniter.php(502): CodeIgniter\CodeIgniter->runController(Object(App\Controllers\Artikel))
 8 SYSTEMPATH\CodeIgniter.php(361): CodeIgniter\CodeIgniter->handleRequest(null, Object(Config\Cache), false)
 9 FCPATH\index.php(79): CodeIgniter\CodeIgniter->run()
10 SYSTEMPATH\Commands\Server\rewrite.php(47): require_once('C:\\xampp\\htdocs\\lab11_ci\\ci4\\public\\index.php')
WARNING - 2024-05-30 04:14:13 --> [DEPRECATED] substr(): Passing null to parameter #1 ($string) of type string is deprecated in APPPATH\Views\artikel\index.php on line 7.
 1 APPPATH\Views\artikel\index.php(7): substr(null, 0, 200)
 2 SYSTEMPATH\View\View.php(228): include('C:\\xampp\\htdocs\\lab11_ci\\ci4\\app\\Views\\artikel\\index.php')
 3 SYSTEMPATH\View\View.php(231): CodeIgniter\View\View->CodeIgniter\View\{closure}()
 4 SYSTEMPATH\Common.php(1178): CodeIgniter\View\View->render('artikel/index', [], true)
 5 APPPATH\Controllers\Artikel.php(14): view('artikel/index', [...])
 6 SYSTEMPATH\CodeIgniter.php(941): App\Controllers\Artikel->index()
 7 SYSTEMPATH\CodeIgniter.php(502): CodeIgniter\CodeIgniter->runController(Object(App\Controllers\Artikel))
 8 SYSTEMPATH\CodeIgniter.php(361): CodeIgniter\CodeIgniter->handleRequest(null, Object(Config\Cache), false)
 9 FCPATH\index.php(79): CodeIgniter\CodeIgniter->run()
10 SYSTEMPATH\Commands\Server\rewrite.php(47): require_once('C:\\xampp\\htdocs\\lab11_ci\\ci4\\public\\index.php')
WARNING - 2024-05-30 04:15:26 --> [DEPRECATED] substr(): Passing null to parameter #1 ($string) of type string is deprecated in APPPATH\Views\artikel\index.php on line 7.
 1 APPPATH\Views\artikel\index.php(7): substr(null, 0, 200)
 2 SYSTEMPATH\View\View.php(228): include('C:\\xampp\\htdocs\\lab11_ci\\ci4\\app\\Views\\artikel\\index.php')
 3 SYSTEMPATH\View\View.php(231): CodeIgniter\View\View->CodeIgniter\View\{closure}()
 4 SYSTEMPATH\Common.php(1178): CodeIgniter\View\View->render('artikel/index', [], true)
 5 APPPATH\Controllers\Artikel.php(14): view('artikel/index', [...])
 6 SYSTEMPATH\CodeIgniter.php(941): App\Controllers\Artikel->index()
 7 SYSTEMPATH\CodeIgniter.php(502): CodeIgniter\CodeIgniter->runController(Object(App\Controllers\Artikel))
 8 SYSTEMPATH\CodeIgniter.php(361): CodeIgniter\CodeIgniter->handleRequest(null, Object(Config\Cache), false)
 9 FCPATH\index.php(79): CodeIgniter\CodeIgniter->run()
10 SYSTEMPATH\Commands\Server\rewrite.php(47): require_once('C:\\xampp\\htdocs\\lab11_ci\\ci4\\public\\index.php')
WARNING - 2024-05-30 04:15:40 --> [DEPRECATED] substr(): Passing null to parameter #1 ($string) of type string is deprecated in APPPATH\Views\artikel\index.php on line 7.
 1 APPPATH\Views\artikel\index.php(7): substr(null, 0, 200)
 2 SYSTEMPATH\View\View.php(228): include('C:\\xampp\\htdocs\\lab11_ci\\ci4\\app\\Views\\artikel\\index.php')
 3 SYSTEMPATH\View\View.php(231): CodeIgniter\View\View->CodeIgniter\View\{closure}()
 4 SYSTEMPATH\Common.php(1178): CodeIgniter\View\View->render('artikel/index', [], true)
 5 APPPATH\Controllers\Artikel.php(14): view('artikel/index', [...])
 6 SYSTEMPATH\CodeIgniter.php(941): App\Controllers\Artikel->index()
 7 SYSTEMPATH\CodeIgniter.php(502): CodeIgniter\CodeIgniter->runController(Object(App\Controllers\Artikel))
 8 SYSTEMPATH\CodeIgniter.php(361): CodeIgniter\CodeIgniter->handleRequest(null, Object(Config\Cache), false)
 9 FCPATH\index.php(79): CodeIgniter\CodeIgniter->run()
10 SYSTEMPATH\Commands\Server\rewrite.php(47): require_once('C:\\xampp\\htdocs\\lab11_ci\\ci4\\public\\index.php')
